<?xml version="1.0" encoding="UTF-8"?>
<testsuite xmlns:xsi="http://www.w3.org/2001/XMLSchema-instance" xsi:noNamespaceSchemaLocation="https://maven.apache.org/surefire/maven-surefire-plugin/xsd/surefire-test-report.xsd" name="com.vr.chatroom.ChatroomApplicationTests" time="24.013" tests="1" errors="0" skipped="0" failures="0">
  <properties>
    <property name="sun.desktop" value="windows"/>
    <property name="awt.toolkit" value="sun.awt.windows.WToolkit"/>
    <property name="file.encoding.pkg" value="sun.io"/>
    <property name="java.specification.version" value="1.8"/>
    <property name="sun.cpu.isalist" value="amd64"/>
    <property name="sun.jnu.encoding" value="GBK"/>
    <property name="java.class.path" value="E:\data\broadcast\chatroom\target\test-classes;E:\data\broadcast\chatroom\target\classes;D:\javarepos\repository\org\springframework\boot\spring-boot-starter-amqp\2.1.3.RELEASE\spring-boot-starter-amqp-2.1.3.RELEASE.jar;D:\javarepos\repository\org\springframework\boot\spring-boot-starter\2.1.3.RELEASE\spring-boot-starter-2.1.3.RELEASE.jar;D:\javarepos\repository\org\springframework\boot\spring-boot\2.1.3.RELEASE\spring-boot-2.1.3.RELEASE.jar;D:\javarepos\repository\org\springframework\boot\spring-boot-autoconfigure\2.1.3.RELEASE\spring-boot-autoconfigure-2.1.3.RELEASE.jar;D:\javarepos\repository\org\springframework\boot\spring-boot-starter-logging\2.1.3.RELEASE\spring-boot-starter-logging-2.1.3.RELEASE.jar;D:\javarepos\repository\ch\qos\logback\logback-classic\1.2.3\logback-classic-1.2.3.jar;D:\javarepos\repository\ch\qos\logback\logback-core\1.2.3\logback-core-1.2.3.jar;D:\javarepos\repository\org\apache\logging\log4j\log4j-to-slf4j\2.11.2\log4j-to-slf4j-2.11.2.jar;D:\javarepos\repository\org\apache\logging\log4j\log4j-api\2.11.2\log4j-api-2.11.2.jar;D:\javarepos\repository\org\slf4j\jul-to-slf4j\1.7.25\jul-to-slf4j-1.7.25.jar;D:\javarepos\repository\javax\annotation\javax.annotation-api\1.3.2\javax.annotation-api-1.3.2.jar;D:\javarepos\repository\org\yaml\snakeyaml\1.23\snakeyaml-1.23.jar;D:\javarepos\repository\org\springframework\spring-messaging\5.1.5.RELEASE\spring-messaging-5.1.5.RELEASE.jar;D:\javarepos\repository\org\springframework\spring-beans\5.1.5.RELEASE\spring-beans-5.1.5.RELEASE.jar;D:\javarepos\repository\org\springframework\amqp\spring-rabbit\2.1.4.RELEASE\spring-rabbit-2.1.4.RELEASE.jar;D:\javarepos\repository\org\springframework\amqp\spring-amqp\2.1.4.RELEASE\spring-amqp-2.1.4.RELEASE.jar;D:\javarepos\repository\org\springframework\retry\spring-retry\1.2.4.RELEASE\spring-retry-1.2.4.RELEASE.jar;D:\javarepos\repository\com\rabbitmq\amqp-client\5.4.3\amqp-client-5.4.3.jar;D:\javarepos\repository\org\springframework\spring-context\5.1.5.RELEASE\spring-context-5.1.5.RELEASE.jar;D:\javarepos\repository\org\springframework\spring-expression\5.1.5.RELEASE\spring-expression-5.1.5.RELEASE.jar;D:\javarepos\repository\org\springframework\spring-tx\5.1.5.RELEASE\spring-tx-5.1.5.RELEASE.jar;D:\javarepos\repository\org\springframework\boot\spring-boot-starter-reactor-netty\2.1.3.RELEASE\spring-boot-starter-reactor-netty-2.1.3.RELEASE.jar;D:\javarepos\repository\io\projectreactor\netty\reactor-netty\0.8.5.RELEASE\reactor-netty-0.8.5.RELEASE.jar;D:\javarepos\repository\io\netty\netty-codec-http\4.1.33.Final\netty-codec-http-4.1.33.Final.jar;D:\javarepos\repository\io\netty\netty-buffer\4.1.33.Final\netty-buffer-4.1.33.Final.jar;D:\javarepos\repository\io\netty\netty-codec\4.1.33.Final\netty-codec-4.1.33.Final.jar;D:\javarepos\repository\io\netty\netty-codec-http2\4.1.33.Final\netty-codec-http2-4.1.33.Final.jar;D:\javarepos\repository\io\netty\netty-handler\4.1.33.Final\netty-handler-4.1.33.Final.jar;D:\javarepos\repository\io\netty\netty-handler-proxy\4.1.33.Final\netty-handler-proxy-4.1.33.Final.jar;D:\javarepos\repository\io\netty\netty-codec-socks\4.1.33.Final\netty-codec-socks-4.1.33.Final.jar;D:\javarepos\repository\io\netty\netty-transport-native-epoll\4.1.33.Final\netty-transport-native-epoll-4.1.33.Final-linux-x86_64.jar;D:\javarepos\repository\io\netty\netty-transport-native-unix-common\4.1.33.Final\netty-transport-native-unix-common-4.1.33.Final.jar;D:\javarepos\repository\io\projectreactor\reactor-core\3.2.6.RELEASE\reactor-core-3.2.6.RELEASE.jar;D:\javarepos\repository\org\reactivestreams\reactive-streams\1.0.2\reactive-streams-1.0.2.jar;D:\javarepos\repository\org\springframework\boot\spring-boot-starter-data-redis\2.1.3.RELEASE\spring-boot-starter-data-redis-2.1.3.RELEASE.jar;D:\javarepos\repository\org\springframework\data\spring-data-redis\2.1.5.RELEASE\spring-data-redis-2.1.5.RELEASE.jar;D:\javarepos\repository\org\springframework\data\spring-data-keyvalue\2.1.5.RELEASE\spring-data-keyvalue-2.1.5.RELEASE.jar;D:\javarepos\repository\org\springframework\data\spring-data-commons\2.1.5.RELEASE\spring-data-commons-2.1.5.RELEASE.jar;D:\javarepos\repository\org\springframework\spring-oxm\5.1.5.RELEASE\spring-oxm-5.1.5.RELEASE.jar;D:\javarepos\repository\org\springframework\spring-aop\5.1.5.RELEASE\spring-aop-5.1.5.RELEASE.jar;D:\javarepos\repository\org\slf4j\slf4j-api\1.7.25\slf4j-api-1.7.25.jar;D:\javarepos\repository\io\lettuce\lettuce-core\5.1.4.RELEASE\lettuce-core-5.1.4.RELEASE.jar;D:\javarepos\repository\io\netty\netty-common\4.1.33.Final\netty-common-4.1.33.Final.jar;D:\javarepos\repository\io\netty\netty-transport\4.1.33.Final\netty-transport-4.1.33.Final.jar;D:\javarepos\repository\io\netty\netty-resolver\4.1.33.Final\netty-resolver-4.1.33.Final.jar;D:\javarepos\repository\org\springframework\boot\spring-boot-starter-cache\2.1.3.RELEASE\spring-boot-starter-cache-2.1.3.RELEASE.jar;D:\javarepos\repository\org\springframework\spring-context-support\5.1.5.RELEASE\spring-context-support-5.1.5.RELEASE.jar;D:\javarepos\repository\commons-lang\commons-lang\2.6\commons-lang-2.6.jar;D:\javarepos\repository\org\springframework\boot\spring-boot-starter-websocket\2.1.3.RELEASE\spring-boot-starter-websocket-2.1.3.RELEASE.jar;D:\javarepos\repository\org\springframework\boot\spring-boot-starter-web\2.1.3.RELEASE\spring-boot-starter-web-2.1.3.RELEASE.jar;D:\javarepos\repository\org\springframework\boot\spring-boot-starter-json\2.1.3.RELEASE\spring-boot-starter-json-2.1.3.RELEASE.jar;D:\javarepos\repository\com\fasterxml\jackson\datatype\jackson-datatype-jdk8\2.9.8\jackson-datatype-jdk8-2.9.8.jar;D:\javarepos\repository\com\fasterxml\jackson\module\jackson-module-parameter-names\2.9.8\jackson-module-parameter-names-2.9.8.jar;D:\javarepos\repository\org\springframework\boot\spring-boot-starter-tomcat\2.1.3.RELEASE\spring-boot-starter-tomcat-2.1.3.RELEASE.jar;D:\javarepos\repository\org\apache\tomcat\embed\tomcat-embed-core\9.0.16\tomcat-embed-core-9.0.16.jar;D:\javarepos\repository\org\apache\tomcat\embed\tomcat-embed-el\9.0.16\tomcat-embed-el-9.0.16.jar;D:\javarepos\repository\org\apache\tomcat\embed\tomcat-embed-websocket\9.0.16\tomcat-embed-websocket-9.0.16.jar;D:\javarepos\repository\org\hibernate\validator\hibernate-validator\6.0.14.Final\hibernate-validator-6.0.14.Final.jar;D:\javarepos\repository\javax\validation\validation-api\2.0.1.Final\validation-api-2.0.1.Final.jar;D:\javarepos\repository\org\jboss\logging\jboss-logging\3.3.2.Final\jboss-logging-3.3.2.Final.jar;D:\javarepos\repository\org\springframework\spring-webmvc\5.1.5.RELEASE\spring-webmvc-5.1.5.RELEASE.jar;D:\javarepos\repository\org\springframework\spring-websocket\5.1.5.RELEASE\spring-websocket-5.1.5.RELEASE.jar;D:\javarepos\repository\org\springframework\cloud\spring-cloud-starter-config\2.1.1.RELEASE\spring-cloud-starter-config-2.1.1.RELEASE.jar;D:\javarepos\repository\org\springframework\cloud\spring-cloud-starter\2.1.1.RELEASE\spring-cloud-starter-2.1.1.RELEASE.jar;D:\javarepos\repository\org\springframework\cloud\spring-cloud-context\2.1.1.RELEASE\spring-cloud-context-2.1.1.RELEASE.jar;D:\javarepos\repository\org\springframework\security\spring-security-crypto\5.1.4.RELEASE\spring-security-crypto-5.1.4.RELEASE.jar;D:\javarepos\repository\org\springframework\cloud\spring-cloud-commons\2.1.1.RELEASE\spring-cloud-commons-2.1.1.RELEASE.jar;D:\javarepos\repository\org\springframework\security\spring-security-rsa\1.0.7.RELEASE\spring-security-rsa-1.0.7.RELEASE.jar;D:\javarepos\repository\org\bouncycastle\bcpkix-jdk15on\1.60\bcpkix-jdk15on-1.60.jar;D:\javarepos\repository\org\bouncycastle\bcprov-jdk15on\1.60\bcprov-jdk15on-1.60.jar;D:\javarepos\repository\org\springframework\cloud\spring-cloud-config-client\2.1.1.RELEASE\spring-cloud-config-client-2.1.1.RELEASE.jar;D:\javarepos\repository\com\fasterxml\jackson\core\jackson-annotations\2.9.0\jackson-annotations-2.9.0.jar;D:\javarepos\repository\com\fasterxml\jackson\core\jackson-databind\2.9.8\jackson-databind-2.9.8.jar;D:\javarepos\repository\com\fasterxml\jackson\core\jackson-core\2.9.8\jackson-core-2.9.8.jar;D:\javarepos\repository\org\springframework\cloud\spring-cloud-starter-netflix-eureka-client\2.1.1.RELEASE\spring-cloud-starter-netflix-eureka-client-2.1.1.RELEASE.jar;D:\javarepos\repository\org\springframework\cloud\spring-cloud-netflix-hystrix\2.1.1.RELEASE\spring-cloud-netflix-hystrix-2.1.1.RELEASE.jar;D:\javarepos\repository\org\springframework\boot\spring-boot-starter-aop\2.1.3.RELEASE\spring-boot-starter-aop-2.1.3.RELEASE.jar;D:\javarepos\repository\org\aspectj\aspectjweaver\1.9.2\aspectjweaver-1.9.2.jar;D:\javarepos\repository\org\springframework\cloud\spring-cloud-netflix-eureka-client\2.1.1.RELEASE\spring-cloud-netflix-eureka-client-2.1.1.RELEASE.jar;D:\javarepos\repository\com\netflix\eureka\eureka-client\1.9.8\eureka-client-1.9.8.jar;D:\javarepos\repository\org\codehaus\jettison\jettison\1.3.7\jettison-1.3.7.jar;D:\javarepos\repository\stax\stax-api\1.0.1\stax-api-1.0.1.jar;D:\javarepos\repository\com\netflix\netflix-commons\netflix-eventbus\0.3.0\netflix-eventbus-0.3.0.jar;D:\javarepos\repository\com\netflix\netflix-commons\netflix-infix\0.3.0\netflix-infix-0.3.0.jar;D:\javarepos\repository\commons-jxpath\commons-jxpath\1.3\commons-jxpath-1.3.jar;D:\javarepos\repository\org\antlr\antlr-runtime\3.4\antlr-runtime-3.4.jar;D:\javarepos\repository\org\antlr\stringtemplate\3.2.1\stringtemplate-3.2.1.jar;D:\javarepos\repository\antlr\antlr\2.7.7\antlr-2.7.7.jar;D:\javarepos\repository\org\apache\commons\commons-math\2.2\commons-math-2.2.jar;D:\javarepos\repository\com\netflix\archaius\archaius-core\0.7.6\archaius-core-0.7.6.jar;D:\javarepos\repository\javax\ws\rs\jsr311-api\1.1.1\jsr311-api-1.1.1.jar;D:\javarepos\repository\com\netflix\servo\servo-core\0.12.21\servo-core-0.12.21.jar;D:\javarepos\repository\com\sun\jersey\jersey-core\1.19.1\jersey-core-1.19.1.jar;D:\javarepos\repository\com\sun\jersey\jersey-client\1.19.1\jersey-client-1.19.1.jar;D:\javarepos\repository\com\sun\jersey\contribs\jersey-apache-client4\1.19.1\jersey-apache-client4-1.19.1.jar;D:\javarepos\repository\org\apache\httpcomponents\httpclient\4.5.7\httpclient-4.5.7.jar;D:\javarepos\repository\org\apache\httpcomponents\httpcore\4.4.11\httpcore-4.4.11.jar;D:\javarepos\repository\commons-codec\commons-codec\1.11\commons-codec-1.11.jar;D:\javarepos\repository\com\google\inject\guice\4.1.0\guice-4.1.0.jar;D:\javarepos\repository\javax\inject\javax.inject\1\javax.inject-1.jar;D:\javarepos\repository\aopalliance\aopalliance\1.0\aopalliance-1.0.jar;D:\javarepos\repository\com\github\vlsi\compactmap\compactmap\1.2.1\compactmap-1.2.1.jar;D:\javarepos\repository\com\github\andrewoma\dexx\dexx-collections\0.2\dexx-collections-0.2.jar;D:\javarepos\repository\com\netflix\eureka\eureka-core\1.9.8\eureka-core-1.9.8.jar;D:\javarepos\repository\org\codehaus\woodstox\woodstox-core-asl\4.4.1\woodstox-core-asl-4.4.1.jar;D:\javarepos\repository\javax\xml\stream\stax-api\1.0-2\stax-api-1.0-2.jar;D:\javarepos\repository\org\codehaus\woodstox\stax2-api\3.1.4\stax2-api-3.1.4.jar;D:\javarepos\repository\org\springframework\cloud\spring-cloud-starter-netflix-archaius\2.1.1.RELEASE\spring-cloud-starter-netflix-archaius-2.1.1.RELEASE.jar;D:\javarepos\repository\org\springframework\cloud\spring-cloud-netflix-ribbon\2.1.1.RELEASE\spring-cloud-netflix-ribbon-2.1.1.RELEASE.jar;D:\javarepos\repository\org\springframework\cloud\spring-cloud-netflix-archaius\2.1.1.RELEASE\spring-cloud-netflix-archaius-2.1.1.RELEASE.jar;D:\javarepos\repository\commons-configuration\commons-configuration\1.8\commons-configuration-1.8.jar;D:\javarepos\repository\org\springframework\cloud\spring-cloud-starter-netflix-ribbon\2.1.1.RELEASE\spring-cloud-starter-netflix-ribbon-2.1.1.RELEASE.jar;D:\javarepos\repository\com\netflix\ribbon\ribbon\2.3.0\ribbon-2.3.0.jar;D:\javarepos\repository\com\netflix\ribbon\ribbon-transport\2.3.0\ribbon-transport-2.3.0.jar;D:\javarepos\repository\io\reactivex\rxnetty-contexts\0.4.9\rxnetty-contexts-0.4.9.jar;D:\javarepos\repository\io\reactivex\rxnetty-servo\0.4.9\rxnetty-servo-0.4.9.jar;D:\javarepos\repository\com\netflix\hystrix\hystrix-core\1.5.18\hystrix-core-1.5.18.jar;D:\javarepos\repository\io\reactivex\rxnetty\0.4.9\rxnetty-0.4.9.jar;D:\javarepos\repository\com\netflix\ribbon\ribbon-core\2.3.0\ribbon-core-2.3.0.jar;D:\javarepos\repository\com\netflix\ribbon\ribbon-httpclient\2.3.0\ribbon-httpclient-2.3.0.jar;D:\javarepos\repository\com\netflix\netflix-commons\netflix-commons-util\0.3.0\netflix-commons-util-0.3.0.jar;D:\javarepos\repository\com\netflix\ribbon\ribbon-loadbalancer\2.3.0\ribbon-loadbalancer-2.3.0.jar;D:\javarepos\repository\com\netflix\netflix-commons\netflix-statistics\0.1.1\netflix-statistics-0.1.1.jar;D:\javarepos\repository\io\reactivex\rxjava\1.3.8\rxjava-1.3.8.jar;D:\javarepos\repository\com\netflix\ribbon\ribbon-eureka\2.3.0\ribbon-eureka-2.3.0.jar;D:\javarepos\repository\com\thoughtworks\xstream\xstream\1.4.10\xstream-1.4.10.jar;D:\javarepos\repository\xmlpull\xmlpull\1.1.3.1\xmlpull-1.1.3.1.jar;D:\javarepos\repository\xpp3\xpp3_min\1.1.4c\xpp3_min-1.1.4c.jar;D:\javarepos\repository\org\springframework\boot\spring-boot-starter-actuator\2.1.3.RELEASE\spring-boot-starter-actuator-2.1.3.RELEASE.jar;D:\javarepos\repository\org\springframework\boot\spring-boot-actuator-autoconfigure\2.1.3.RELEASE\spring-boot-actuator-autoconfigure-2.1.3.RELEASE.jar;D:\javarepos\repository\org\springframework\boot\spring-boot-actuator\2.1.3.RELEASE\spring-boot-actuator-2.1.3.RELEASE.jar;D:\javarepos\repository\io\micrometer\micrometer-core\1.1.3\micrometer-core-1.1.3.jar;D:\javarepos\repository\org\hdrhistogram\HdrHistogram\2.1.9\HdrHistogram-2.1.9.jar;D:\javarepos\repository\org\latencyutils\LatencyUtils\2.0.3\LatencyUtils-2.0.3.jar;D:\javarepos\repository\org\projectlombok\lombok\1.18.6\lombok-1.18.6.jar;D:\javarepos\repository\org\springframework\boot\spring-boot-starter-test\2.1.3.RELEASE\spring-boot-starter-test-2.1.3.RELEASE.jar;D:\javarepos\repository\org\springframework\boot\spring-boot-test\2.1.3.RELEASE\spring-boot-test-2.1.3.RELEASE.jar;D:\javarepos\repository\org\springframework\boot\spring-boot-test-autoconfigure\2.1.3.RELEASE\spring-boot-test-autoconfigure-2.1.3.RELEASE.jar;D:\javarepos\repository\com\jayway\jsonpath\json-path\2.4.0\json-path-2.4.0.jar;D:\javarepos\repository\net\minidev\json-smart\2.3\json-smart-2.3.jar;D:\javarepos\repository\net\minidev\accessors-smart\1.2\accessors-smart-1.2.jar;D:\javarepos\repository\org\ow2\asm\asm\5.0.4\asm-5.0.4.jar;D:\javarepos\repository\junit\junit\4.12\junit-4.12.jar;D:\javarepos\repository\org\assertj\assertj-core\3.11.1\assertj-core-3.11.1.jar;D:\javarepos\repository\org\mockito\mockito-core\2.23.4\mockito-core-2.23.4.jar;D:\javarepos\repository\net\bytebuddy\byte-buddy\1.9.10\byte-buddy-1.9.10.jar;D:\javarepos\repository\net\bytebuddy\byte-buddy-agent\1.9.10\byte-buddy-agent-1.9.10.jar;D:\javarepos\repository\org\objenesis\objenesis\2.6\objenesis-2.6.jar;D:\javarepos\repository\org\hamcrest\hamcrest-core\1.3\hamcrest-core-1.3.jar;D:\javarepos\repository\org\hamcrest\hamcrest-library\1.3\hamcrest-library-1.3.jar;D:\javarepos\repository\org\skyscreamer\jsonassert\1.5.0\jsonassert-1.5.0.jar;D:\javarepos\repository\com\vaadin\external\google\android-json\0.0.20131108.vaadin1\android-json-0.0.20131108.vaadin1.jar;D:\javarepos\repository\org\springframework\spring-core\5.1.5.RELEASE\spring-core-5.1.5.RELEASE.jar;D:\javarepos\repository\org\springframework\spring-jcl\5.1.5.RELEASE\spring-jcl-5.1.5.RELEASE.jar;D:\javarepos\repository\org\springframework\spring-test\5.1.5.RELEASE\spring-test-5.1.5.RELEASE.jar;D:\javarepos\repository\org\xmlunit\xmlunit-core\2.6.2\xmlunit-core-2.6.2.jar;D:\javarepos\repository\com\alibaba\fastjson\1.2.50\fastjson-1.2.50.jar;D:\javarepos\repository\com\vr\common-utils\0.0.1-SNAPSHOT\common-utils-0.0.1-SNAPSHOT.jar;D:\javarepos\repository\io\springfox\springfox-swagger-ui\2.7.0\springfox-swagger-ui-2.7.0.jar;D:\javarepos\repository\io\springfox\springfox-spring-web\2.7.0\springfox-spring-web-2.7.0.jar;D:\javarepos\repository\org\reflections\reflections\0.9.11\reflections-0.9.11.jar;D:\javarepos\repository\org\javassist\javassist\3.21.0-GA\javassist-3.21.0-GA.jar;D:\javarepos\repository\io\springfox\springfox-swagger2\2.7.0\springfox-swagger2-2.7.0.jar;D:\javarepos\repository\io\swagger\swagger-annotations\1.5.13\swagger-annotations-1.5.13.jar;D:\javarepos\repository\io\swagger\swagger-models\1.5.13\swagger-models-1.5.13.jar;D:\javarepos\repository\io\springfox\springfox-spi\2.7.0\springfox-spi-2.7.0.jar;D:\javarepos\repository\io\springfox\springfox-core\2.7.0\springfox-core-2.7.0.jar;D:\javarepos\repository\io\springfox\springfox-schema\2.7.0\springfox-schema-2.7.0.jar;D:\javarepos\repository\io\springfox\springfox-swagger-common\2.7.0\springfox-swagger-common-2.7.0.jar;D:\javarepos\repository\com\google\guava\guava\18.0\guava-18.0.jar;D:\javarepos\repository\com\fasterxml\classmate\1.4.0\classmate-1.4.0.jar;D:\javarepos\repository\org\springframework\plugin\spring-plugin-core\1.2.0.RELEASE\spring-plugin-core-1.2.0.RELEASE.jar;D:\javarepos\repository\org\springframework\plugin\spring-plugin-metadata\1.2.0.RELEASE\spring-plugin-metadata-1.2.0.RELEASE.jar;D:\javarepos\repository\org\mapstruct\mapstruct\1.1.0.Final\mapstruct-1.1.0.Final.jar;D:\javarepos\repository\net\sf\json-lib\json-lib\2.4\json-lib-2.4-jdk15.jar;D:\javarepos\repository\commons-beanutils\commons-beanutils\1.8.0\commons-beanutils-1.8.0.jar;D:\javarepos\repository\commons-collections\commons-collections\3.2.1\commons-collections-3.2.1.jar;D:\javarepos\repository\commons-logging\commons-logging\1.1.1\commons-logging-1.1.1.jar;D:\javarepos\repository\net\sf\ezmorph\ezmorph\1.0.6\ezmorph-1.0.6.jar;D:\javarepos\repository\joda-time\joda-time\2.10.1\joda-time-2.10.1.jar;D:\javarepos\repository\com\google\code\gson\gson\2.8.5\gson-2.8.5.jar;D:\javarepos\repository\org\codehaus\jackson\jackson-mapper-asl\1.9.13\jackson-mapper-asl-1.9.13.jar;D:\javarepos\repository\org\codehaus\jackson\jackson-core-asl\1.9.13\jackson-core-asl-1.9.13.jar;D:\javarepos\repository\com\fasterxml\jackson\datatype\jackson-datatype-jsr310\2.9.8\jackson-datatype-jsr310-2.9.8.jar;D:\javarepos\repository\org\springframework\spring-web\5.1.5.RELEASE\spring-web-5.1.5.RELEASE.jar;D:\javarepos\repository\org\apache\commons\commons-lang3\3.8.1\commons-lang3-3.8.1.jar;D:\javarepos\repository\com\vr\user-service-api\0.0.1-SNAPSHOT\user-service-api-0.0.1-SNAPSHOT.jar;D:\javarepos\repository\org\springframework\cloud\spring-cloud-starter-openfeign\2.1.1.RELEASE\spring-cloud-starter-openfeign-2.1.1.RELEASE.jar;D:\javarepos\repository\org\springframework\cloud\spring-cloud-openfeign-core\2.1.1.RELEASE\spring-cloud-openfeign-core-2.1.1.RELEASE.jar;D:\javarepos\repository\io\github\openfeign\form\feign-form-spring\3.5.0\feign-form-spring-3.5.0.jar;D:\javarepos\repository\io\github\openfeign\form\feign-form\3.5.0\feign-form-3.5.0.jar;D:\javarepos\repository\commons-fileupload\commons-fileupload\1.3.3\commons-fileupload-1.3.3.jar;D:\javarepos\repository\commons-io\commons-io\2.2\commons-io-2.2.jar;D:\javarepos\repository\io\github\openfeign\feign-core\10.1.0\feign-core-10.1.0.jar;D:\javarepos\repository\io\github\openfeign\feign-slf4j\10.1.0\feign-slf4j-10.1.0.jar;D:\javarepos\repository\io\github\openfeign\feign-hystrix\10.1.0\feign-hystrix-10.1.0.jar;D:\javarepos\repository\com\vr\plate-server-api\0.0.1-SNAPSHOT\plate-server-api-0.0.1-SNAPSHOT.jar;"/>
    <property name="java.vm.vendor" value="Oracle Corporation"/>
    <property name="sun.arch.data.model" value="64"/>
    <property name="user.variant" value=""/>
    <property name="java.vendor.url" value="http://java.oracle.com/"/>
    <property name="user.timezone" value="Asia/Shanghai"/>
    <property name="java.vm.specification.version" value="1.8"/>
    <property name="os.name" value="Windows 10"/>
    <property name="user.country" value="CN"/>
    <property name="sun.java.launcher" value="SUN_STANDARD"/>
    <property name="sun.boot.library.path" value="D:\Java\jdk1.8.0_121\jre\bin"/>
    <property name="sun.java.command" value="C:\Users\ADMINI~1\AppData\Local\Temp\surefire4573025534116842369\surefirebooter3118967709636275521.jar C:\Users\Administrator\AppData\Local\Temp\surefire4573025534116842369 2019-05-05T17-40-43_857-jvmRun1 surefire217775344456020874tmp surefire_06064050201555230154tmp"/>
    <property name="surefire.test.class.path" value="E:\data\broadcast\chatroom\target\test-classes;E:\data\broadcast\chatroom\target\classes;D:\javarepos\repository\org\springframework\boot\spring-boot-starter-amqp\2.1.3.RELEASE\spring-boot-starter-amqp-2.1.3.RELEASE.jar;D:\javarepos\repository\org\springframework\boot\spring-boot-starter\2.1.3.RELEASE\spring-boot-starter-2.1.3.RELEASE.jar;D:\javarepos\repository\org\springframework\boot\spring-boot\2.1.3.RELEASE\spring-boot-2.1.3.RELEASE.jar;D:\javarepos\repository\org\springframework\boot\spring-boot-autoconfigure\2.1.3.RELEASE\spring-boot-autoconfigure-2.1.3.RELEASE.jar;D:\javarepos\repository\org\springframework\boot\spring-boot-starter-logging\2.1.3.RELEASE\spring-boot-starter-logging-2.1.3.RELEASE.jar;D:\javarepos\repository\ch\qos\logback\logback-classic\1.2.3\logback-classic-1.2.3.jar;D:\javarepos\repository\ch\qos\logback\logback-core\1.2.3\logback-core-1.2.3.jar;D:\javarepos\repository\org\apache\logging\log4j\log4j-to-slf4j\2.11.2\log4j-to-slf4j-2.11.2.jar;D:\javarepos\repository\org\apache\logging\log4j\log4j-api\2.11.2\log4j-api-2.11.2.jar;D:\javarepos\repository\org\slf4j\jul-to-slf4j\1.7.25\jul-to-slf4j-1.7.25.jar;D:\javarepos\repository\javax\annotation\javax.annotation-api\1.3.2\javax.annotation-api-1.3.2.jar;D:\javarepos\repository\org\yaml\snakeyaml\1.23\snakeyaml-1.23.jar;D:\javarepos\repository\org\springframework\spring-messaging\5.1.5.RELEASE\spring-messaging-5.1.5.RELEASE.jar;D:\javarepos\repository\org\springframework\spring-beans\5.1.5.RELEASE\spring-beans-5.1.5.RELEASE.jar;D:\javarepos\repository\org\springframework\amqp\spring-rabbit\2.1.4.RELEASE\spring-rabbit-2.1.4.RELEASE.jar;D:\javarepos\repository\org\springframework\amqp\spring-amqp\2.1.4.RELEASE\spring-amqp-2.1.4.RELEASE.jar;D:\javarepos\repository\org\springframework\retry\spring-retry\1.2.4.RELEASE\spring-retry-1.2.4.RELEASE.jar;D:\javarepos\repository\com\rabbitmq\amqp-client\5.4.3\amqp-client-5.4.3.jar;D:\javarepos\repository\org\springframework\spring-context\5.1.5.RELEASE\spring-context-5.1.5.RELEASE.jar;D:\javarepos\repository\org\springframework\spring-expression\5.1.5.RELEASE\spring-expression-5.1.5.RELEASE.jar;D:\javarepos\repository\org\springframework\spring-tx\5.1.5.RELEASE\spring-tx-5.1.5.RELEASE.jar;D:\javarepos\repository\org\springframework\boot\spring-boot-starter-reactor-netty\2.1.3.RELEASE\spring-boot-starter-reactor-netty-2.1.3.RELEASE.jar;D:\javarepos\repository\io\projectreactor\netty\reactor-netty\0.8.5.RELEASE\reactor-netty-0.8.5.RELEASE.jar;D:\javarepos\repository\io\netty\netty-codec-http\4.1.33.Final\netty-codec-http-4.1.33.Final.jar;D:\javarepos\repository\io\netty\netty-buffer\4.1.33.Final\netty-buffer-4.1.33.Final.jar;D:\javarepos\repository\io\netty\netty-codec\4.1.33.Final\netty-codec-4.1.33.Final.jar;D:\javarepos\repository\io\netty\netty-codec-http2\4.1.33.Final\netty-codec-http2-4.1.33.Final.jar;D:\javarepos\repository\io\netty\netty-handler\4.1.33.Final\netty-handler-4.1.33.Final.jar;D:\javarepos\repository\io\netty\netty-handler-proxy\4.1.33.Final\netty-handler-proxy-4.1.33.Final.jar;D:\javarepos\repository\io\netty\netty-codec-socks\4.1.33.Final\netty-codec-socks-4.1.33.Final.jar;D:\javarepos\repository\io\netty\netty-transport-native-epoll\4.1.33.Final\netty-transport-native-epoll-4.1.33.Final-linux-x86_64.jar;D:\javarepos\repository\io\netty\netty-transport-native-unix-common\4.1.33.Final\netty-transport-native-unix-common-4.1.33.Final.jar;D:\javarepos\repository\io\projectreactor\reactor-core\3.2.6.RELEASE\reactor-core-3.2.6.RELEASE.jar;D:\javarepos\repository\org\reactivestreams\reactive-streams\1.0.2\reactive-streams-1.0.2.jar;D:\javarepos\repository\org\springframework\boot\spring-boot-starter-data-redis\2.1.3.RELEASE\spring-boot-starter-data-redis-2.1.3.RELEASE.jar;D:\javarepos\repository\org\springframework\data\spring-data-redis\2.1.5.RELEASE\spring-data-redis-2.1.5.RELEASE.jar;D:\javarepos\repository\org\springframework\data\spring-data-keyvalue\2.1.5.RELEASE\spring-data-keyvalue-2.1.5.RELEASE.jar;D:\javarepos\repository\org\springframework\data\spring-data-commons\2.1.5.RELEASE\spring-data-commons-2.1.5.RELEASE.jar;D:\javarepos\repository\org\springframework\spring-oxm\5.1.5.RELEASE\spring-oxm-5.1.5.RELEASE.jar;D:\javarepos\repository\org\springframework\spring-aop\5.1.5.RELEASE\spring-aop-5.1.5.RELEASE.jar;D:\javarepos\repository\org\slf4j\slf4j-api\1.7.25\slf4j-api-1.7.25.jar;D:\javarepos\repository\io\lettuce\lettuce-core\5.1.4.RELEASE\lettuce-core-5.1.4.RELEASE.jar;D:\javarepos\repository\io\netty\netty-common\4.1.33.Final\netty-common-4.1.33.Final.jar;D:\javarepos\repository\io\netty\netty-transport\4.1.33.Final\netty-transport-4.1.33.Final.jar;D:\javarepos\repository\io\netty\netty-resolver\4.1.33.Final\netty-resolver-4.1.33.Final.jar;D:\javarepos\repository\org\springframework\boot\spring-boot-starter-cache\2.1.3.RELEASE\spring-boot-starter-cache-2.1.3.RELEASE.jar;D:\javarepos\repository\org\springframework\spring-context-support\5.1.5.RELEASE\spring-context-support-5.1.5.RELEASE.jar;D:\javarepos\repository\commons-lang\commons-lang\2.6\commons-lang-2.6.jar;D:\javarepos\repository\org\springframework\boot\spring-boot-starter-websocket\2.1.3.RELEASE\spring-boot-starter-websocket-2.1.3.RELEASE.jar;D:\javarepos\repository\org\springframework\boot\spring-boot-starter-web\2.1.3.RELEASE\spring-boot-starter-web-2.1.3.RELEASE.jar;D:\javarepos\repository\org\springframework\boot\spring-boot-starter-json\2.1.3.RELEASE\spring-boot-starter-json-2.1.3.RELEASE.jar;D:\javarepos\repository\com\fasterxml\jackson\datatype\jackson-datatype-jdk8\2.9.8\jackson-datatype-jdk8-2.9.8.jar;D:\javarepos\repository\com\fasterxml\jackson\module\jackson-module-parameter-names\2.9.8\jackson-module-parameter-names-2.9.8.jar;D:\javarepos\repository\org\springframework\boot\spring-boot-starter-tomcat\2.1.3.RELEASE\spring-boot-starter-tomcat-2.1.3.RELEASE.jar;D:\javarepos\repository\org\apache\tomcat\embed\tomcat-embed-core\9.0.16\tomcat-embed-core-9.0.16.jar;D:\javarepos\repository\org\apache\tomcat\embed\tomcat-embed-el\9.0.16\tomcat-embed-el-9.0.16.jar;D:\javarepos\repository\org\apache\tomcat\embed\tomcat-embed-websocket\9.0.16\tomcat-embed-websocket-9.0.16.jar;D:\javarepos\repository\org\hibernate\validator\hibernate-validator\6.0.14.Final\hibernate-validator-6.0.14.Final.jar;D:\javarepos\repository\javax\validation\validation-api\2.0.1.Final\validation-api-2.0.1.Final.jar;D:\javarepos\repository\org\jboss\logging\jboss-logging\3.3.2.Final\jboss-logging-3.3.2.Final.jar;D:\javarepos\repository\org\springframework\spring-webmvc\5.1.5.RELEASE\spring-webmvc-5.1.5.RELEASE.jar;D:\javarepos\repository\org\springframework\spring-websocket\5.1.5.RELEASE\spring-websocket-5.1.5.RELEASE.jar;D:\javarepos\repository\org\springframework\cloud\spring-cloud-starter-config\2.1.1.RELEASE\spring-cloud-starter-config-2.1.1.RELEASE.jar;D:\javarepos\repository\org\springframework\cloud\spring-cloud-starter\2.1.1.RELEASE\spring-cloud-starter-2.1.1.RELEASE.jar;D:\javarepos\repository\org\springframework\cloud\spring-cloud-context\2.1.1.RELEASE\spring-cloud-context-2.1.1.RELEASE.jar;D:\javarepos\repository\org\springframework\security\spring-security-crypto\5.1.4.RELEASE\spring-security-crypto-5.1.4.RELEASE.jar;D:\javarepos\repository\org\springframework\cloud\spring-cloud-commons\2.1.1.RELEASE\spring-cloud-commons-2.1.1.RELEASE.jar;D:\javarepos\repository\org\springframework\security\spring-security-rsa\1.0.7.RELEASE\spring-security-rsa-1.0.7.RELEASE.jar;D:\javarepos\repository\org\bouncycastle\bcpkix-jdk15on\1.60\bcpkix-jdk15on-1.60.jar;D:\javarepos\repository\org\bouncycastle\bcprov-jdk15on\1.60\bcprov-jdk15on-1.60.jar;D:\javarepos\repository\org\springframework\cloud\spring-cloud-config-client\2.1.1.RELEASE\spring-cloud-config-client-2.1.1.RELEASE.jar;D:\javarepos\repository\com\fasterxml\jackson\core\jackson-annotations\2.9.0\jackson-annotations-2.9.0.jar;D:\javarepos\repository\com\fasterxml\jackson\core\jackson-databind\2.9.8\jackson-databind-2.9.8.jar;D:\javarepos\repository\com\fasterxml\jackson\core\jackson-core\2.9.8\jackson-core-2.9.8.jar;D:\javarepos\repository\org\springframework\cloud\spring-cloud-starter-netflix-eureka-client\2.1.1.RELEASE\spring-cloud-starter-netflix-eureka-client-2.1.1.RELEASE.jar;D:\javarepos\repository\org\springframework\cloud\spring-cloud-netflix-hystrix\2.1.1.RELEASE\spring-cloud-netflix-hystrix-2.1.1.RELEASE.jar;D:\javarepos\repository\org\springframework\boot\spring-boot-starter-aop\2.1.3.RELEASE\spring-boot-starter-aop-2.1.3.RELEASE.jar;D:\javarepos\repository\org\aspectj\aspectjweaver\1.9.2\aspectjweaver-1.9.2.jar;D:\javarepos\repository\org\springframework\cloud\spring-cloud-netflix-eureka-client\2.1.1.RELEASE\spring-cloud-netflix-eureka-client-2.1.1.RELEASE.jar;D:\javarepos\repository\com\netflix\eureka\eureka-client\1.9.8\eureka-client-1.9.8.jar;D:\javarepos\repository\org\codehaus\jettison\jettison\1.3.7\jettison-1.3.7.jar;D:\javarepos\repository\stax\stax-api\1.0.1\stax-api-1.0.1.jar;D:\javarepos\repository\com\netflix\netflix-commons\netflix-eventbus\0.3.0\netflix-eventbus-0.3.0.jar;D:\javarepos\repository\com\netflix\netflix-commons\netflix-infix\0.3.0\netflix-infix-0.3.0.jar;D:\javarepos\repository\commons-jxpath\commons-jxpath\1.3\commons-jxpath-1.3.jar;D:\javarepos\repository\org\antlr\antlr-runtime\3.4\antlr-runtime-3.4.jar;D:\javarepos\repository\org\antlr\stringtemplate\3.2.1\stringtemplate-3.2.1.jar;D:\javarepos\repository\antlr\antlr\2.7.7\antlr-2.7.7.jar;D:\javarepos\repository\org\apache\commons\commons-math\2.2\commons-math-2.2.jar;D:\javarepos\repository\com\netflix\archaius\archaius-core\0.7.6\archaius-core-0.7.6.jar;D:\javarepos\repository\javax\ws\rs\jsr311-api\1.1.1\jsr311-api-1.1.1.jar;D:\javarepos\repository\com\netflix\servo\servo-core\0.12.21\servo-core-0.12.21.jar;D:\javarepos\repository\com\sun\jersey\jersey-core\1.19.1\jersey-core-1.19.1.jar;D:\javarepos\repository\com\sun\jersey\jersey-client\1.19.1\jersey-client-1.19.1.jar;D:\javarepos\repository\com\sun\jersey\contribs\jersey-apache-client4\1.19.1\jersey-apache-client4-1.19.1.jar;D:\javarepos\repository\org\apache\httpcomponents\httpclient\4.5.7\httpclient-4.5.7.jar;D:\javarepos\repository\org\apache\httpcomponents\httpcore\4.4.11\httpcore-4.4.11.jar;D:\javarepos\repository\commons-codec\commons-codec\1.11\commons-codec-1.11.jar;D:\javarepos\repository\com\google\inject\guice\4.1.0\guice-4.1.0.jar;D:\javarepos\repository\javax\inject\javax.inject\1\javax.inject-1.jar;D:\javarepos\repository\aopalliance\aopalliance\1.0\aopalliance-1.0.jar;D:\javarepos\repository\com\github\vlsi\compactmap\compactmap\1.2.1\compactmap-1.2.1.jar;D:\javarepos\repository\com\github\andrewoma\dexx\dexx-collections\0.2\dexx-collections-0.2.jar;D:\javarepos\repository\com\netflix\eureka\eureka-core\1.9.8\eureka-core-1.9.8.jar;D:\javarepos\repository\org\codehaus\woodstox\woodstox-core-asl\4.4.1\woodstox-core-asl-4.4.1.jar;D:\javarepos\repository\javax\xml\stream\stax-api\1.0-2\stax-api-1.0-2.jar;D:\javarepos\repository\org\codehaus\woodstox\stax2-api\3.1.4\stax2-api-3.1.4.jar;D:\javarepos\repository\org\springframework\cloud\spring-cloud-starter-netflix-archaius\2.1.1.RELEASE\spring-cloud-starter-netflix-archaius-2.1.1.RELEASE.jar;D:\javarepos\repository\org\springframework\cloud\spring-cloud-netflix-ribbon\2.1.1.RELEASE\spring-cloud-netflix-ribbon-2.1.1.RELEASE.jar;D:\javarepos\repository\org\springframework\cloud\spring-cloud-netflix-archaius\2.1.1.RELEASE\spring-cloud-netflix-archaius-2.1.1.RELEASE.jar;D:\javarepos\repository\commons-configuration\commons-configuration\1.8\commons-configuration-1.8.jar;D:\javarepos\repository\org\springframework\cloud\spring-cloud-starter-netflix-ribbon\2.1.1.RELEASE\spring-cloud-starter-netflix-ribbon-2.1.1.RELEASE.jar;D:\javarepos\repository\com\netflix\ribbon\ribbon\2.3.0\ribbon-2.3.0.jar;D:\javarepos\repository\com\netflix\ribbon\ribbon-transport\2.3.0\ribbon-transport-2.3.0.jar;D:\javarepos\repository\io\reactivex\rxnetty-contexts\0.4.9\rxnetty-contexts-0.4.9.jar;D:\javarepos\repository\io\reactivex\rxnetty-servo\0.4.9\rxnetty-servo-0.4.9.jar;D:\javarepos\repository\com\netflix\hystrix\hystrix-core\1.5.18\hystrix-core-1.5.18.jar;D:\javarepos\repository\io\reactivex\rxnetty\0.4.9\rxnetty-0.4.9.jar;D:\javarepos\repository\com\netflix\ribbon\ribbon-core\2.3.0\ribbon-core-2.3.0.jar;D:\javarepos\repository\com\netflix\ribbon\ribbon-httpclient\2.3.0\ribbon-httpclient-2.3.0.jar;D:\javarepos\repository\com\netflix\netflix-commons\netflix-commons-util\0.3.0\netflix-commons-util-0.3.0.jar;D:\javarepos\repository\com\netflix\ribbon\ribbon-loadbalancer\2.3.0\ribbon-loadbalancer-2.3.0.jar;D:\javarepos\repository\com\netflix\netflix-commons\netflix-statistics\0.1.1\netflix-statistics-0.1.1.jar;D:\javarepos\repository\io\reactivex\rxjava\1.3.8\rxjava-1.3.8.jar;D:\javarepos\repository\com\netflix\ribbon\ribbon-eureka\2.3.0\ribbon-eureka-2.3.0.jar;D:\javarepos\repository\com\thoughtworks\xstream\xstream\1.4.10\xstream-1.4.10.jar;D:\javarepos\repository\xmlpull\xmlpull\1.1.3.1\xmlpull-1.1.3.1.jar;D:\javarepos\repository\xpp3\xpp3_min\1.1.4c\xpp3_min-1.1.4c.jar;D:\javarepos\repository\org\springframework\boot\spring-boot-starter-actuator\2.1.3.RELEASE\spring-boot-starter-actuator-2.1.3.RELEASE.jar;D:\javarepos\repository\org\springframework\boot\spring-boot-actuator-autoconfigure\2.1.3.RELEASE\spring-boot-actuator-autoconfigure-2.1.3.RELEASE.jar;D:\javarepos\repository\org\springframework\boot\spring-boot-actuator\2.1.3.RELEASE\spring-boot-actuator-2.1.3.RELEASE.jar;D:\javarepos\repository\io\micrometer\micrometer-core\1.1.3\micrometer-core-1.1.3.jar;D:\javarepos\repository\org\hdrhistogram\HdrHistogram\2.1.9\HdrHistogram-2.1.9.jar;D:\javarepos\repository\org\latencyutils\LatencyUtils\2.0.3\LatencyUtils-2.0.3.jar;D:\javarepos\repository\org\projectlombok\lombok\1.18.6\lombok-1.18.6.jar;D:\javarepos\repository\org\springframework\boot\spring-boot-starter-test\2.1.3.RELEASE\spring-boot-starter-test-2.1.3.RELEASE.jar;D:\javarepos\repository\org\springframework\boot\spring-boot-test\2.1.3.RELEASE\spring-boot-test-2.1.3.RELEASE.jar;D:\javarepos\repository\org\springframework\boot\spring-boot-test-autoconfigure\2.1.3.RELEASE\spring-boot-test-autoconfigure-2.1.3.RELEASE.jar;D:\javarepos\repository\com\jayway\jsonpath\json-path\2.4.0\json-path-2.4.0.jar;D:\javarepos\repository\net\minidev\json-smart\2.3\json-smart-2.3.jar;D:\javarepos\repository\net\minidev\accessors-smart\1.2\accessors-smart-1.2.jar;D:\javarepos\repository\org\ow2\asm\asm\5.0.4\asm-5.0.4.jar;D:\javarepos\repository\junit\junit\4.12\junit-4.12.jar;D:\javarepos\repository\org\assertj\assertj-core\3.11.1\assertj-core-3.11.1.jar;D:\javarepos\repository\org\mockito\mockito-core\2.23.4\mockito-core-2.23.4.jar;D:\javarepos\repository\net\bytebuddy\byte-buddy\1.9.10\byte-buddy-1.9.10.jar;D:\javarepos\repository\net\bytebuddy\byte-buddy-agent\1.9.10\byte-buddy-agent-1.9.10.jar;D:\javarepos\repository\org\objenesis\objenesis\2.6\objenesis-2.6.jar;D:\javarepos\repository\org\hamcrest\hamcrest-core\1.3\hamcrest-core-1.3.jar;D:\javarepos\repository\org\hamcrest\hamcrest-library\1.3\hamcrest-library-1.3.jar;D:\javarepos\repository\org\skyscreamer\jsonassert\1.5.0\jsonassert-1.5.0.jar;D:\javarepos\repository\com\vaadin\external\google\android-json\0.0.20131108.vaadin1\android-json-0.0.20131108.vaadin1.jar;D:\javarepos\repository\org\springframework\spring-core\5.1.5.RELEASE\spring-core-5.1.5.RELEASE.jar;D:\javarepos\repository\org\springframework\spring-jcl\5.1.5.RELEASE\spring-jcl-5.1.5.RELEASE.jar;D:\javarepos\repository\org\springframework\spring-test\5.1.5.RELEASE\spring-test-5.1.5.RELEASE.jar;D:\javarepos\repository\org\xmlunit\xmlunit-core\2.6.2\xmlunit-core-2.6.2.jar;D:\javarepos\repository\com\alibaba\fastjson\1.2.50\fastjson-1.2.50.jar;D:\javarepos\repository\com\vr\common-utils\0.0.1-SNAPSHOT\common-utils-0.0.1-SNAPSHOT.jar;D:\javarepos\repository\io\springfox\springfox-swagger-ui\2.7.0\springfox-swagger-ui-2.7.0.jar;D:\javarepos\repository\io\springfox\springfox-spring-web\2.7.0\springfox-spring-web-2.7.0.jar;D:\javarepos\repository\org\reflections\reflections\0.9.11\reflections-0.9.11.jar;D:\javarepos\repository\org\javassist\javassist\3.21.0-GA\javassist-3.21.0-GA.jar;D:\javarepos\repository\io\springfox\springfox-swagger2\2.7.0\springfox-swagger2-2.7.0.jar;D:\javarepos\repository\io\swagger\swagger-annotations\1.5.13\swagger-annotations-1.5.13.jar;D:\javarepos\repository\io\swagger\swagger-models\1.5.13\swagger-models-1.5.13.jar;D:\javarepos\repository\io\springfox\springfox-spi\2.7.0\springfox-spi-2.7.0.jar;D:\javarepos\repository\io\springfox\springfox-core\2.7.0\springfox-core-2.7.0.jar;D:\javarepos\repository\io\springfox\springfox-schema\2.7.0\springfox-schema-2.7.0.jar;D:\javarepos\repository\io\springfox\springfox-swagger-common\2.7.0\springfox-swagger-common-2.7.0.jar;D:\javarepos\repository\com\google\guava\guava\18.0\guava-18.0.jar;D:\javarepos\repository\com\fasterxml\classmate\1.4.0\classmate-1.4.0.jar;D:\javarepos\repository\org\springframework\plugin\spring-plugin-core\1.2.0.RELEASE\spring-plugin-core-1.2.0.RELEASE.jar;D:\javarepos\repository\org\springframework\plugin\spring-plugin-metadata\1.2.0.RELEASE\spring-plugin-metadata-1.2.0.RELEASE.jar;D:\javarepos\repository\org\mapstruct\mapstruct\1.1.0.Final\mapstruct-1.1.0.Final.jar;D:\javarepos\repository\net\sf\json-lib\json-lib\2.4\json-lib-2.4-jdk15.jar;D:\javarepos\repository\commons-beanutils\commons-beanutils\1.8.0\commons-beanutils-1.8.0.jar;D:\javarepos\repository\commons-collections\commons-collections\3.2.1\commons-collections-3.2.1.jar;D:\javarepos\repository\commons-logging\commons-logging\1.1.1\commons-logging-1.1.1.jar;D:\javarepos\repository\net\sf\ezmorph\ezmorph\1.0.6\ezmorph-1.0.6.jar;D:\javarepos\repository\joda-time\joda-time\2.10.1\joda-time-2.10.1.jar;D:\javarepos\repository\com\google\code\gson\gson\2.8.5\gson-2.8.5.jar;D:\javarepos\repository\org\codehaus\jackson\jackson-mapper-asl\1.9.13\jackson-mapper-asl-1.9.13.jar;D:\javarepos\repository\org\codehaus\jackson\jackson-core-asl\1.9.13\jackson-core-asl-1.9.13.jar;D:\javarepos\repository\com\fasterxml\jackson\datatype\jackson-datatype-jsr310\2.9.8\jackson-datatype-jsr310-2.9.8.jar;D:\javarepos\repository\org\springframework\spring-web\5.1.5.RELEASE\spring-web-5.1.5.RELEASE.jar;D:\javarepos\repository\org\apache\commons\commons-lang3\3.8.1\commons-lang3-3.8.1.jar;D:\javarepos\repository\com\vr\user-service-api\0.0.1-SNAPSHOT\user-service-api-0.0.1-SNAPSHOT.jar;D:\javarepos\repository\org\springframework\cloud\spring-cloud-starter-openfeign\2.1.1.RELEASE\spring-cloud-starter-openfeign-2.1.1.RELEASE.jar;D:\javarepos\repository\org\springframework\cloud\spring-cloud-openfeign-core\2.1.1.RELEASE\spring-cloud-openfeign-core-2.1.1.RELEASE.jar;D:\javarepos\repository\io\github\openfeign\form\feign-form-spring\3.5.0\feign-form-spring-3.5.0.jar;D:\javarepos\repository\io\github\openfeign\form\feign-form\3.5.0\feign-form-3.5.0.jar;D:\javarepos\repository\commons-fileupload\commons-fileupload\1.3.3\commons-fileupload-1.3.3.jar;D:\javarepos\repository\commons-io\commons-io\2.2\commons-io-2.2.jar;D:\javarepos\repository\io\github\openfeign\feign-core\10.1.0\feign-core-10.1.0.jar;D:\javarepos\repository\io\github\openfeign\feign-slf4j\10.1.0\feign-slf4j-10.1.0.jar;D:\javarepos\repository\io\github\openfeign\feign-hystrix\10.1.0\feign-hystrix-10.1.0.jar;D:\javarepos\repository\com\vr\plate-server-api\0.0.1-SNAPSHOT\plate-server-api-0.0.1-SNAPSHOT.jar;"/>
    <property name="sun.cpu.endian" value="little"/>
    <property name="user.home" value="C:\Users\Administrator"/>
    <property name="user.language" value="zh"/>
    <property name="java.specification.vendor" value="Oracle Corporation"/>
    <property name="java.home" value="D:\Java\jdk1.8.0_121\jre"/>
    <property name="basedir" value="E:\data\broadcast\chatroom"/>
    <property name="file.separator" value="\"/>
    <property name="line.separator" value="&#10;"/>
    <property name="java.vm.specification.vendor" value="Oracle Corporation"/>
    <property name="java.specification.name" value="Java Platform API Specification"/>
    <property name="java.awt.graphicsenv" value="sun.awt.Win32GraphicsEnvironment"/>
    <property name="surefire.real.class.path" value="C:\Users\ADMINI~1\AppData\Local\Temp\surefire4573025534116842369\surefirebooter3118967709636275521.jar"/>
    <property name="sun.boot.class.path" value="D:\Java\jdk1.8.0_121\jre\lib\resources.jar;D:\Java\jdk1.8.0_121\jre\lib\rt.jar;D:\Java\jdk1.8.0_121\jre\lib\sunrsasign.jar;D:\Java\jdk1.8.0_121\jre\lib\jsse.jar;D:\Java\jdk1.8.0_121\jre\lib\jce.jar;D:\Java\jdk1.8.0_121\jre\lib\charsets.jar;D:\Java\jdk1.8.0_121\jre\lib\jfr.jar;D:\Java\jdk1.8.0_121\jre\classes"/>
    <property name="user.script" value=""/>
    <property name="sun.management.compiler" value="HotSpot 64-Bit Tiered Compilers"/>
    <property name="java.runtime.version" value="1.8.0_121-b13"/>
    <property name="user.name" value="Administrator"/>
    <property name="path.separator" value=";"/>
    <property name="os.version" value="10.0"/>
    <property name="java.endorsed.dirs" value="D:\Java\jdk1.8.0_121\jre\lib\endorsed"/>
    <property name="java.runtime.name" value="Java(TM) SE Runtime Environment"/>
    <property name="file.encoding" value="GBK"/>
    <property name="java.vm.name" value="Java HotSpot(TM) 64-Bit Server VM"/>
    <property name="localRepository" value="D:\javarepos\repository"/>
    <property name="java.vendor.url.bug" value="http://bugreport.sun.com/bugreport/"/>
    <property name="java.io.tmpdir" value="C:\Users\ADMINI~1\AppData\Local\Temp\"/>
    <property name="idea.version" value="2018.2.5"/>
    <property name="java.version" value="1.8.0_121"/>
    <property name="user.dir" value="E:\data\broadcast\chatroom"/>
    <property name="os.arch" value="amd64"/>
    <property name="java.vm.specification.name" value="Java Virtual Machine Specification"/>
    <property name="java.awt.printerjob" value="sun.awt.windows.WPrinterJob"/>
    <property name="sun.os.patch.level" value=""/>
    <property name="java.library.path" value="D:\Java\jdk1.8.0_121\jre\bin;C:\WINDOWS\Sun\Java\bin;C:\WINDOWS\system32;C:\WINDOWS;C:\Program Files (x86)\Common Files\Oracle\Java\javapath;C:\Program Files\MySQL\MySQL Server 5.7\bin;C:\WINDOWS\system32;C:\WINDOWS;C:\WINDOWS\System32\Wbem;C:\WINDOWS\System32\WindowsPowerShell\v1.0\;D:\MYSQL安装\bin;%;AVA_CALSSPATH%;ATALINA_HOME%\bin;C:\Program Files (x86)\Microsoft SQL Server\100\Tools\Binn\;C:\Program Files\Microsoft SQL Server\100\Tools\Binn\;C:\Program Files\Microsoft SQL Server\100\DTS\Binn\;D:\apache-maven-3.5.4\bin;D:\Java\jdk1.8.0_121\bin;E:\编译器\curl-7.61.1-win64-mingw\bin;C:\Program Files\OpenSSH;D:\Program Files\Microsoft VS Code\bin;D:\Program Files\nodejs\node_global;D:\Program Files\nodejs;C:\Program Files\Git\cmd;E:\编译器\rclone-v1.45-windows-amd64;D:\python\Python35\Scripts\;D:\python\Python35\;C:\Users\Administrator\AppData\Local\Programs\Python\Python35\Scripts\;C:\Users\Administrator\AppData\Local\Programs\Python\Python35\;C:\Users\Administrator\AppData\Local\Programs\Python\Python36\Scripts\;C:\Users\Administrator\AppData\Local\Programs\Python\Python36\;D:\Python\Python36\Scripts\;D:\Python\Python36\;D:\桌面软件安装\Tools\WinNT;D:\桌面;件安装\MSDev98\Bin;D:;桌面软件安装\Tools;D:\VC;8\bin;C:\Users\Administrator\AppData\Local\Microsoft\WindowsApps;C:\Users\Administrator\AppData\Roaming\npm;;."/>
    <property name="java.vm.info" value="mixed mode"/>
    <property name="java.vendor" value="Oracle Corporation"/>
    <property name="java.vm.version" value="25.121-b13"/>
    <property name="java.ext.dirs" value="D:\Java\jdk1.8.0_121\jre\lib\ext;C:\WINDOWS\Sun\Java\lib\ext"/>
    <property name="sun.io.unicode.encoding" value="UnicodeLittle"/>
    <property name="java.class.version" value="52.0"/>
  </properties>
  <testcase name="contextLoads" classname="com.vr.chatroom.ChatroomApplicationTests" time="0.319"/>
</testsuite>